<?xml version="1.0" encoding="UTF-8"?>
<testsuite xmlns:xsi="http://www.w3.org/2001/XMLSchema-instance" xsi:noNamespaceSchemaLocation="https://maven.apache.org/surefire/maven-surefire-plugin/xsd/surefire-test-report-3.0.xsd" version="3.0" name="ru.netology.geo.GeoServiceImplTest" time="0.008" tests="5" errors="0" skipped="0" failures="0">
  <properties>
    <property name="gopherProxySet" value="false"/>
    <property name="awt.toolkit" value="sun.lwawt.macosx.LWCToolkit"/>
    <property name="java.specification.version" value="11"/>
    <property name="sun.cpu.isalist" value=""/>
    <property name="sun.jnu.encoding" value="UTF-8"/>
    <property name="java.class.path" value="/Users/shubinvaleriy/Desktop/netology/Java_Core/homework_mocks/geo-service/target/test-classes:/Users/shubinvaleriy/Desktop/netology/Java_Core/homework_mocks/geo-service/target/classes:/Users/shubinvaleriy/.m2/repository/org/junit/jupiter/junit-jupiter-api/5.10.0/junit-jupiter-api-5.10.0.jar:/Users/shubinvaleriy/.m2/repository/org/opentest4j/opentest4j/1.3.0/opentest4j-1.3.0.jar:/Users/shubinvaleriy/.m2/repository/org/junit/platform/junit-platform-commons/1.10.0/junit-platform-commons-1.10.0.jar:/Users/shubinvaleriy/.m2/repository/org/apiguardian/apiguardian-api/1.1.2/apiguardian-api-1.1.2.jar:/Users/shubinvaleriy/.m2/repository/org/junit/jupiter/junit-jupiter-params/5.10.0/junit-jupiter-params-5.10.0.jar:/Users/shubinvaleriy/.m2/repository/org/mockito/mockito-all/1.10.19/mockito-all-1.10.19.jar:/Users/shubinvaleriy/.m2/repository/org/mockito/mockito-core/5.6.0/mockito-core-5.6.0.jar:/Users/shubinvaleriy/.m2/repository/net/bytebuddy/byte-buddy/1.14.8/byte-buddy-1.14.8.jar:/Users/shubinvaleriy/.m2/repository/net/bytebuddy/byte-buddy-agent/1.14.8/byte-buddy-agent-1.14.8.jar:/Users/shubinvaleriy/.m2/repository/org/objenesis/objenesis/3.3/objenesis-3.3.jar:"/>
    <property name="java.vm.vendor" value="Amazon.com Inc."/>
    <property name="sun.arch.data.model" value="64"/>
    <property name="java.vendor.url" value="https://aws.amazon.com/corretto/"/>
    <property name="user.timezone" value=""/>
    <property name="java.vm.specification.version" value="11"/>
    <property name="os.name" value="Mac OS X"/>
    <property name="sun.java.launcher" value="SUN_STANDARD"/>
    <property name="user.country" value="RU"/>
    <property name="sun.boot.library.path" value="/Users/shubinvaleriy/Library/Java/JavaVirtualMachines/corretto-11.0.17/Contents/Home/lib"/>
    <property name="sun.java.command" value="/Users/shubinvaleriy/Desktop/netology/Java_Core/homework_mocks/geo-service/target/surefire/surefirebooter-20231015113626412_3.jar /Users/shubinvaleriy/Desktop/netology/Java_Core/homework_mocks/geo-service/target/surefire 2023-10-15T11-36-26_347-jvmRun1 surefire-20231015113626412_1tmp surefire_0-20231015113626412_2tmp"/>
    <property name="http.nonProxyHosts" value="local|*.local|169.254/16|*.169.254/16"/>
    <property name="jdk.debug" value="release"/>
    <property name="surefire.test.class.path" value="/Users/shubinvaleriy/Desktop/netology/Java_Core/homework_mocks/geo-service/target/test-classes:/Users/shubinvaleriy/Desktop/netology/Java_Core/homework_mocks/geo-service/target/classes:/Users/shubinvaleriy/.m2/repository/org/junit/jupiter/junit-jupiter-api/5.10.0/junit-jupiter-api-5.10.0.jar:/Users/shubinvaleriy/.m2/repository/org/opentest4j/opentest4j/1.3.0/opentest4j-1.3.0.jar:/Users/shubinvaleriy/.m2/repository/org/junit/platform/junit-platform-commons/1.10.0/junit-platform-commons-1.10.0.jar:/Users/shubinvaleriy/.m2/repository/org/apiguardian/apiguardian-api/1.1.2/apiguardian-api-1.1.2.jar:/Users/shubinvaleriy/.m2/repository/org/junit/jupiter/junit-jupiter-params/5.10.0/junit-jupiter-params-5.10.0.jar:/Users/shubinvaleriy/.m2/repository/org/mockito/mockito-all/1.10.19/mockito-all-1.10.19.jar:/Users/shubinvaleriy/.m2/repository/org/mockito/mockito-core/5.6.0/mockito-core-5.6.0.jar:/Users/shubinvaleriy/.m2/repository/net/bytebuddy/byte-buddy/1.14.8/byte-buddy-1.14.8.jar:/Users/shubinvaleriy/.m2/repository/net/bytebuddy/byte-buddy-agent/1.14.8/byte-buddy-agent-1.14.8.jar:/Users/shubinvaleriy/.m2/repository/org/objenesis/objenesis/3.3/objenesis-3.3.jar:"/>
    <property name="sun.cpu.endian" value="little"/>
    <property name="user.home" value="/Users/shubinvaleriy"/>
    <property name="user.language" value="ru"/>
    <property name="java.specification.vendor" value="Oracle Corporation"/>
    <property name="java.version.date" value="2022-10-18"/>
    <property name="java.home" value="/Users/shubinvaleriy/Library/Java/JavaVirtualMachines/corretto-11.0.17/Contents/Home"/>
    <property name="file.separator" value="/"/>
    <property name="basedir" value="/Users/shubinvaleriy/Desktop/netology/Java_Core/homework_mocks/geo-service"/>
    <property name="java.vm.compressedOopsMode" value="Zero based"/>
    <property name="line.separator" value="&#10;"/>
    <property name="java.specification.name" value="Java Platform API Specification"/>
    <property name="java.vm.specification.vendor" value="Oracle Corporation"/>
    <property name="java.awt.graphicsenv" value="sun.awt.CGraphicsEnvironment"/>
    <property name="surefire.real.class.path" value="/Users/shubinvaleriy/Desktop/netology/Java_Core/homework_mocks/geo-service/target/surefire/surefirebooter-20231015113626412_3.jar"/>
    <property name="sun.management.compiler" value="HotSpot 64-Bit Tiered Compilers"/>
    <property name="ftp.nonProxyHosts" value="local|*.local|169.254/16|*.169.254/16"/>
    <property name="java.runtime.version" value="11.0.17+8-LTS"/>
    <property name="user.name" value="shubinvaleriy"/>
    <property name="path.separator" value=":"/>
    <property name="os.version" value="12.5"/>
    <property name="java.runtime.name" value="OpenJDK Runtime Environment"/>
    <property name="file.encoding" value="UTF-8"/>
    <property name="java.vm.name" value="OpenJDK 64-Bit Server VM"/>
    <property name="java.vendor.version" value="Corretto-11.0.17.8.1"/>
    <property name="localRepository" value="/Users/shubinvaleriy/.m2/repository"/>
    <property name="java.vendor.url.bug" value="https://github.com/corretto/corretto-11/issues/"/>
    <property name="java.io.tmpdir" value="/var/folders/rj/117l2gjn325_mf4m8wzwxpp80000gn/T/"/>
    <property name="idea.version" value="2023.2.2"/>
    <property name="java.version" value="11.0.17"/>
    <property name="user.dir" value="/Users/shubinvaleriy/Desktop/netology/Java_Core/homework_mocks/geo-service"/>
    <property name="os.arch" value="aarch64"/>
    <property name="java.vm.specification.name" value="Java Virtual Machine Specification"/>
    <property name="java.awt.printerjob" value="sun.lwawt.macosx.CPrinterJob"/>
    <property name="sun.os.patch.level" value="unknown"/>
    <property name="java.library.path" value="/Users/shubinvaleriy/Library/Java/Extensions:/Library/Java/Extensions:/Network/Library/Java/Extensions:/System/Library/Java/Extensions:/usr/lib/java:."/>
    <property name="java.vm.info" value="mixed mode"/>
    <property name="java.vendor" value="Amazon.com Inc."/>
    <property name="java.vm.version" value="11.0.17+8-LTS"/>
    <property name="sun.io.unicode.encoding" value="UnicodeBig"/>
    <property name="java.class.version" value="55.0"/>
    <property name="socksNonProxyHosts" value="local|*.local|169.254/16|*.169.254/16"/>
  </properties>
  <testcase name="geoServiceImplTest(String, String, Country, String, int)[1]" classname="ru.netology.geo.GeoServiceImplTest" time="0"/>
  <testcase name="geoServiceImplTest(String, String, Country, String, int)[2]" classname="ru.netology.geo.GeoServiceImplTest" time="0"/>
  <testcase name="geoServiceImplTest(String, String, Country, String, int)[3]" classname="ru.netology.geo.GeoServiceImplTest" time="0"/>
  <testcase name="geoServiceImplTest(String, String, Country, String, int)[4]" classname="ru.netology.geo.GeoServiceImplTest" time="0.001"/>
  <testcase name="geoServiceImplTest(String, String, Country, String, int)[5]" classname="ru.netology.geo.GeoServiceImplTest" time="0.001"/>
</testsuite>